<?xml version="1.0" encoding="UTF-8"?>
<!-- Generated by org.testng.reporters.JUnitXMLReporter -->
<testsuite ignored="0" hostname="LAPTOP-AA8TAC45" failures="0" tests="4" name="PetTest" time="9.23" errors="0" timestamp="2024-04-15T21:56:35 IST">
  <testcase classname="api.tests.UserTests2" name="testPostUser" time="3.009"/>
  <testcase classname="api.tests.UserTests2" name="testGetUserByName" time="1.342"/>
  <testcase classname="api.tests.UserTests2" name="testUpdateUserByName" time="2.59"/>
  <testcase classname="api.tests.UserTests2" name="testDeleteUser" time="1.314"/>
</testsuite> <!-- PetTest -->
